launcher/build/intermediates/manifest_merge_blame_file/debug/manifest-merger-blame-debug-report.txt
1<?xml version="1.0" encoding="utf-8"?>
2<manifest xmlns:android="http://schemas.android.com/apk/res/android"
3    package="com.romans.NewUnityProject1"
4    android:installLocation="preferExternal"
5    android:versionCode="1"
6    android:versionName="1.0" >
7
8    <uses-sdk
9        android:minSdkVersion="22"
9-->src\main\AndroidManifest.xml
10        android:targetSdkVersion="30" />
10-->src\main\AndroidManifest.xml
11
12    <supports-screens
12-->src\main\AndroidManifest.xml:3:3-163
13        android:anyDensity="true"
13-->src\main\AndroidManifest.xml:3:135-160
14        android:largeScreens="true"
14-->src\main\AndroidManifest.xml:3:78-105
15        android:normalScreens="true"
15-->src\main\AndroidManifest.xml:3:49-77
16        android:smallScreens="true"
16-->src\main\AndroidManifest.xml:3:21-48
17        android:xlargeScreens="true" />
17-->src\main\AndroidManifest.xml:3:106-134
18
19    <uses-feature android:glEsVersion="0x00030000" />
19-->[:unityLibrary] AndroidManifest.xml:8:5-54
19-->[:unityLibrary] AndroidManifest.xml:8:19-51
20
21    <uses-permission android:name="android.permission.INTERNET" />
21-->[:unityLibrary] AndroidManifest.xml:10:5-67
21-->[:unityLibrary] AndroidManifest.xml:10:22-64
22
23    <uses-feature
23-->[:unityLibrary] AndroidManifest.xml:12:5-14:36
24        android:name="android.hardware.touchscreen"
24-->[:unityLibrary] AndroidManifest.xml:13:9-52
25        android:required="false" />
25-->[:unityLibrary] AndroidManifest.xml:14:9-33
26
27    <application
27-->src\main\AndroidManifest.xml:4:3-121
28        android:banner="@drawable/app_banner"
28-->src\main\AndroidManifest.xml:4:81-118
29        android:debuggable="true"
30        android:extractNativeLibs="true"
30-->[:unityLibrary] AndroidManifest.xml:17:9-41
31        android:icon="@mipmap/app_icon"
31-->src\main\AndroidManifest.xml:4:49-80
32        android:isGame="true"
32-->[:unityLibrary] AndroidManifest.xml:18:9-30
33        android:label="@string/app_name"
33-->src\main\AndroidManifest.xml:4:16-48
34        android:testOnly="true" >
35        <activity
35-->[:unityLibrary] AndroidManifest.xml:19:9-40:20
36            android:name="com.unity3d.player.UnityPlayerActivity"
36-->[:unityLibrary] AndroidManifest.xml:20:13-66
37            android:configChanges="mcc|mnc|locale|touchscreen|keyboard|keyboardHidden|navigation|orientation|screenLayout|uiMode|screenSize|smallestScreenSize|fontScale|layoutDirection|density"
37-->[:unityLibrary] AndroidManifest.xml:21:13-194
38            android:hardwareAccelerated="false"
38-->[:unityLibrary] AndroidManifest.xml:22:13-48
39            android:launchMode="singleTask"
39-->[:unityLibrary] AndroidManifest.xml:23:13-44
40            android:resizeableActivity="false"
40-->[:unityLibrary] AndroidManifest.xml:24:13-47
41            android:screenOrientation="landscape"
41-->[:unityLibrary] AndroidManifest.xml:25:13-50
42            android:theme="@style/UnityThemeSelector" >
42-->[:unityLibrary] AndroidManifest.xml:26:13-54
43            <intent-filter>
43-->[:unityLibrary] AndroidManifest.xml:27:13-32:29
44                <action android:name="android.intent.action.MAIN" />
44-->[:unityLibrary] AndroidManifest.xml:28:17-69
44-->[:unityLibrary] AndroidManifest.xml:28:25-66
45
46                <category android:name="android.intent.category.LAUNCHER" />
46-->[:unityLibrary] AndroidManifest.xml:30:17-77
46-->[:unityLibrary] AndroidManifest.xml:30:27-74
47                <category android:name="android.intent.category.LEANBACK_LAUNCHER" />
47-->[:unityLibrary] AndroidManifest.xml:31:17-86
47-->[:unityLibrary] AndroidManifest.xml:31:27-83
48            </intent-filter>
49
50            <meta-data
50-->[:unityLibrary] AndroidManifest.xml:34:13-36:40
51                android:name="unityplayer.UnityActivity"
51-->[:unityLibrary] AndroidManifest.xml:35:17-57
52                android:value="true" />
52-->[:unityLibrary] AndroidManifest.xml:36:17-37
53            <meta-data
53-->[:unityLibrary] AndroidManifest.xml:37:13-39:40
54                android:name="android.notch_support"
54-->[:unityLibrary] AndroidManifest.xml:38:17-53
55                android:value="true" />
55-->[:unityLibrary] AndroidManifest.xml:39:17-37
56        </activity>
57
58        <meta-data
58-->[:unityLibrary] AndroidManifest.xml:42:9-44:33
59            android:name="unity.splash-mode"
59-->[:unityLibrary] AndroidManifest.xml:43:13-45
60            android:value="2" />
60-->[:unityLibrary] AndroidManifest.xml:44:13-30
61        <meta-data
61-->[:unityLibrary] AndroidManifest.xml:45:9-47:36
62            android:name="unity.splash-enable"
62-->[:unityLibrary] AndroidManifest.xml:46:13-47
63            android:value="True" />
63-->[:unityLibrary] AndroidManifest.xml:47:13-33
64        <meta-data
64-->[:unityLibrary] AndroidManifest.xml:48:9-50:36
65            android:name="unity.launch-fullscreen"
65-->[:unityLibrary] AndroidManifest.xml:49:13-51
66            android:value="True" />
66-->[:unityLibrary] AndroidManifest.xml:50:13-33
67        <meta-data
67-->[:unityLibrary] AndroidManifest.xml:51:9-53:37
68            android:name="unity.allow-resizable-window"
68-->[:unityLibrary] AndroidManifest.xml:52:13-56
69            android:value="False" />
69-->[:unityLibrary] AndroidManifest.xml:53:13-34
70        <meta-data
70-->[:unityLibrary] AndroidManifest.xml:54:9-56:50
71            android:name="notch.config"
71-->[:unityLibrary] AndroidManifest.xml:55:13-40
72            android:value="portrait|landscape" />
72-->[:unityLibrary] AndroidManifest.xml:56:13-47
73    </application>
74
75</manifest>